<?xml version="1.0" encoding="UTF-8"?>
<!-- Generated by org.testng.reporters.JUnitXMLReporter -->
<testsuite hostname="LAPTOP-OPR2IDQJ" ignored="18" name="Test" tests="10" failures="0" timestamp="23 Sep 2020 09:43:33 GMT" time="277.333" errors="0">
  <testcase name="login" time="0.01" classname="com.scripts.actitime.TESTActitimeLogin"/>
  <testcase name="createcustomer" time="11.719" classname="com.scripts.actitime.TESTActitimeCreateCustomer"/>
  <testcase name="editcustomer" time="11.361" classname="com.scripts.actitime.TESTActitimeEditCustomer"/>
  <testcase name="deletecustomer" time="10.655" classname="com.scripts.actitime.TESTActitimeDeleteCustomer"/>
  <testcase name="createtypeofwork" time="9.866" classname="com.scripts.actitime.TESTActitimeCreateTypeofWork"/>
  <testcase name="edittypeofwork" time="12.407" classname="com.scripts.actitime.TESTActitimeEditTypeofWork"/>
  <testcase name="deletetypeofwork" time="7.606" classname="com.scripts.actitime.TESTActitimeDeleteTypeofWork"/>
  <testcase name="createleavetype" time="9.437" classname="com.scripts.actitime.TESTActitimeCreateLeaveType"/>
  <testcase name="editleavetype" time="30.426" classname="com.scripts.actitime.TESTActitimeEditLeaveType"/>
  <testcase name="deleteleavetype" time="10.66" classname="com.scripts.actitime.TESTActitimeDeleteLeaveType"/>
  <testcase name="@BeforeSuite startExecution" time="0.0" classname="com.generics.actitme.BaseTest">
    <ignored/>
  </testcase> <!-- @BeforeSuite startExecution -->
  <testcase name="@BeforeSuite startExecution" time="0.0" classname="com.generics.actitme.BaseTest">
    <ignored/>
  </testcase> <!-- @BeforeSuite startExecution -->
  <testcase name="@BeforeSuite startExecution" time="0.0" classname="com.generics.actitme.BaseTest">
    <ignored/>
  </testcase> <!-- @BeforeSuite startExecution -->
  <testcase name="@BeforeSuite startExecution" time="0.0" classname="com.generics.actitme.BaseTest">
    <ignored/>
  </testcase> <!-- @BeforeSuite startExecution -->
  <testcase name="@BeforeSuite startExecution" time="0.0" classname="com.generics.actitme.BaseTest">
    <ignored/>
  </testcase> <!-- @BeforeSuite startExecution -->
  <testcase name="@BeforeSuite startExecution" time="0.0" classname="com.generics.actitme.BaseTest">
    <ignored/>
  </testcase> <!-- @BeforeSuite startExecution -->
  <testcase name="@BeforeSuite startExecution" time="0.0" classname="com.generics.actitme.BaseTest">
    <ignored/>
  </testcase> <!-- @BeforeSuite startExecution -->
  <testcase name="@BeforeSuite startExecution" time="0.0" classname="com.generics.actitme.BaseTest">
    <ignored/>
  </testcase> <!-- @BeforeSuite startExecution -->
  <testcase name="@BeforeSuite startExecution" time="0.0" classname="com.generics.actitme.BaseTest">
    <ignored/>
  </testcase> <!-- @BeforeSuite startExecution -->
  <testcase name="@AfterSuite stopExecution" time="0.0" classname="com.generics.actitme.BaseTest">
    <ignored/>
  </testcase> <!-- @AfterSuite stopExecution -->
  <testcase name="@AfterSuite stopExecution" time="0.0" classname="com.generics.actitme.BaseTest">
    <ignored/>
  </testcase> <!-- @AfterSuite stopExecution -->
  <testcase name="@AfterSuite stopExecution" time="0.0" classname="com.generics.actitme.BaseTest">
    <ignored/>
  </testcase> <!-- @AfterSuite stopExecution -->
  <testcase name="@AfterSuite stopExecution" time="0.0" classname="com.generics.actitme.BaseTest">
    <ignored/>
  </testcase> <!-- @AfterSuite stopExecution -->
  <testcase name="@AfterSuite stopExecution" time="0.0" classname="com.generics.actitme.BaseTest">
    <ignored/>
  </testcase> <!-- @AfterSuite stopExecution -->
  <testcase name="@AfterSuite stopExecution" time="0.0" classname="com.generics.actitme.BaseTest">
    <ignored/>
  </testcase> <!-- @AfterSuite stopExecution -->
  <testcase name="@AfterSuite stopExecution" time="0.0" classname="com.generics.actitme.BaseTest">
    <ignored/>
  </testcase> <!-- @AfterSuite stopExecution -->
  <testcase name="@AfterSuite stopExecution" time="0.0" classname="com.generics.actitme.BaseTest">
    <ignored/>
  </testcase> <!-- @AfterSuite stopExecution -->
  <testcase name="@AfterSuite stopExecution" time="0.0" classname="com.generics.actitme.BaseTest">
    <ignored/>
  </testcase> <!-- @AfterSuite stopExecution -->
</testsuite> <!-- Test -->
